<?xml version="1.0" encoding="UTF-8"?>
<testsuite name="com.synacy.poker.model.game.GameServiceTest" tests="3" skipped="0" failures="0" errors="0" timestamp="2020-01-10T09:02:10" hostname="Pauls-MacBook-Pro-2.local" time="0.672">
  <properties/>
  <testcase name="nextAction_dealCommunityCards" classname="com.synacy.poker.model.game.GameServiceTest" time="0.668"/>
  <testcase name="afterConstructorInit_eachPlayerHasTwoCards" classname="com.synacy.poker.model.game.GameServiceTest" time="0.002"/>
  <testcase name="startNewGame_eachPlayerHasTwoCards" classname="com.synacy.poker.model.game.GameServiceTest" time="0.001"/>
  <system-out><![CDATA[]]></system-out>
  <system-err><![CDATA[]]></system-err>
</testsuite>
