<?xml version="1.0" encoding="UTF-8"?>
<testsuite name="com.synacy.poker.model.hand.TwoPairTest" tests="1" skipped="0" failures="0" errors="0" timestamp="2020-01-10T09:02:10" hostname="Pauls-MacBook-Pro-2.local" time="0.019">
  <properties/>
  <testcase name="toString_withTwoPairsAndAceKicker" classname="com.synacy.poker.model.hand.TwoPairTest" time="0.019"/>
  <system-out><![CDATA[]]></system-out>
  <system-err><![CDATA[]]></system-err>
</testsuite>
