<?xml version="1.0" encoding="UTF-8"?>
<testsuite name="com.synacy.poker.model.card.CardTest" tests="4" skipped="0" failures="0" errors="0" timestamp="2020-01-10T09:02:10" hostname="Pauls-MacBook-Pro-2.local" time="0.002">
  <properties/>
  <testcase name="testCardEquality_differentRankAndSuitAreNotEqual" classname="com.synacy.poker.model.card.CardTest" time="0.0"/>
  <testcase name="testCardEquality_sameRankAndSuitAreConsideredEqual" classname="com.synacy.poker.model.card.CardTest" time="0.0"/>
  <testcase name="styleClass_whenDiamondsOrHearts_returnsRedClass" classname="com.synacy.poker.model.card.CardTest" time="0.0"/>
  <testcase name="styleClass_whenClubsOrSpades_returnsBlackClass" classname="com.synacy.poker.model.card.CardTest" time="0.0"/>
  <system-out><![CDATA[]]></system-out>
  <system-err><![CDATA[]]></system-err>
</testsuite>
