<?xml version="1.0" encoding="UTF-8"?>
<testsuite name="com.synacy.poker.model.hand.OnePairTest" tests="2" skipped="0" failures="0" errors="0" timestamp="2020-01-10T09:02:10" hostname="Pauls-MacBook-Pro-2.local" time="0.001">
  <properties/>
  <testcase name="toString_withOnePairNoKickers" classname="com.synacy.poker.model.hand.OnePairTest" time="0.0"/>
  <testcase name="toString_withOnePairAndKickers" classname="com.synacy.poker.model.hand.OnePairTest" time="0.0"/>
  <system-out><![CDATA[]]></system-out>
  <system-err><![CDATA[]]></system-err>
</testsuite>
