<?xml version="1.0" encoding="UTF-8"?>
<testsuite name="com.synacy.poker.model.deck.DeckTest" tests="4" skipped="0" failures="0" errors="0" timestamp="2020-01-10T09:02:11" hostname="Pauls-MacBook-Pro-2.local" time="0.006">
  <properties/>
  <testcase name="addCard" classname="com.synacy.poker.model.deck.DeckTest" time="0.001"/>
  <testcase name="removeFromTop_removeCardFromTopOfDeck" classname="com.synacy.poker.model.deck.DeckTest" time="0.001"/>
  <testcase name="constructor_initializesWithNoCards" classname="com.synacy.poker.model.deck.DeckTest" time="0.001"/>
  <testcase name="shuffle_returnsShuffledDeckOfEqualSize" classname="com.synacy.poker.model.deck.DeckTest" time="0.001"/>
  <system-out><![CDATA[]]></system-out>
  <system-err><![CDATA[]]></system-err>
</testsuite>
