<?xml version="1.0" encoding="UTF-8"?>
<testsuite name="com.synacy.poker.model.hand.StraightFlushTest" tests="3" skipped="0" failures="0" errors="0" timestamp="2020-01-10T09:02:10" hostname="Pauls-MacBook-Pro-2.local" time="0.005">
  <properties/>
  <testcase name="toString_withFiveHighStraightFlush" classname="com.synacy.poker.model.hand.StraightFlushTest" time="0.004"/>
  <testcase name="toString_withRoyalFlush" classname="com.synacy.poker.model.hand.StraightFlushTest" time="0.0"/>
  <testcase name="toString_withKingHighStraightFlush" classname="com.synacy.poker.model.hand.StraightFlushTest" time="0.0"/>
  <system-out><![CDATA[]]></system-out>
  <system-err><![CDATA[]]></system-err>
</testsuite>
